This is pdfTeX, Version 3.141592653-2.6-1.40.25 (MiKTeX 24.1) (preloaded format=latex 2024.4.10)  10 APR 2024 14:45
entering extended mode
 restricted \write18 enabled.
 %&-line parsing enabled.
**./pbr_cheat_sheet.tex
(pbr_cheat_sheet.tex
LaTeX2e <2023-11-01> patch level 1
L3 programming layer <2024-01-04>
(C:\Users\maksa\AppData\Local\Programs\MiKTeX\tex/latex/base\article.cls
Document Class: article 2023/05/17 v1.4n Standard LaTeX document class
(C:\Users\maksa\AppData\Local\Programs\MiKTeX\tex/latex/base\size10.clo
File: size10.clo 2023/05/17 v1.4n Standard LaTeX file (size option)
)
\c@part=\count187
\c@section=\count188
\c@subsection=\count189
\c@subsubsection=\count190
\c@paragraph=\count191
\c@subparagraph=\count192
\c@figure=\count193
\c@table=\count194
\abovecaptionskip=\skip48
\belowcaptionskip=\skip49
\bibindent=\dimen140
)
(C:\Users\maksa\AppData\Local\Programs\MiKTeX\tex/latex/l3backend\l3backend-dvi
ps.def
File: l3backend-dvips.def 2024-01-04 L3 backend support: dvips
\l__pdf_internal_box=\box51
\g__pdf_backend_object_int=\count195
\l__pdf_backend_content_box=\box52
\l__pdf_backend_model_box=\box53
\g__pdf_backend_annotation_int=\count196
\g__pdf_backend_link_int=\count197
\g__pdf_backend_link_sf_int=\count198
) (pbr_cheat_sheet.aux)
\openout1 = `pbr_cheat_sheet.aux'.

LaTeX Font Info:    Checking defaults for OML/cmm/m/it on input line 7.
LaTeX Font Info:    ... okay on input line 7.
LaTeX Font Info:    Checking defaults for OMS/cmsy/m/n on input line 7.
LaTeX Font Info:    ... okay on input line 7.
LaTeX Font Info:    Checking defaults for OT1/cmr/m/n on input line 7.
LaTeX Font Info:    ... okay on input line 7.
LaTeX Font Info:    Checking defaults for T1/cmr/m/n on input line 7.
LaTeX Font Info:    ... okay on input line 7.
LaTeX Font Info:    Checking defaults for TS1/cmr/m/n on input line 7.
LaTeX Font Info:    ... okay on input line 7.
LaTeX Font Info:    Checking defaults for OMX/cmex/m/n on input line 7.
LaTeX Font Info:    ... okay on input line 7.
LaTeX Font Info:    Checking defaults for U/cmr/m/n on input line 7.
LaTeX Font Info:    ... okay on input line 7.
LaTeX Font Info:    External font `cmex10' loaded for size
(Font)              <12> on input line 9.
LaTeX Font Info:    External font `cmex10' loaded for size
(Font)              <8> on input line 9.
LaTeX Font Info:    External font `cmex10' loaded for size
(Font)              <6> on input line 9.
LaTeX Font Info:    External font `cmex10' loaded for size
(Font)              <7> on input line 12.
LaTeX Font Info:    External font `cmex10' loaded for size
(Font)              <5> on input line 12.

! Missing $ inserted.
<inserted text> 
                $
l.23     \item L_
                 {o}
? 
! Emergency stop.
<inserted text> 
                $
l.23     \item L_
                 {o}
End of file on the terminal!

 
Here is how much of TeX's memory you used:
 459 strings out of 474487
 8955 string characters out of 5743781
 1925539 words of memory out of 5000000
 22820 multiletter control sequences out of 15000+600000
 562044 words of font info for 49 fonts, out of 8000000 for 9000
 1141 hyphenation exceptions out of 8191
 35i,6n,50p,174b,197s stack positions out of 10000i,1000n,20000p,200000b,200000s
No pages of output.
henation exceptions out of 8191
 35i,6n,50p,203b,197s stack positions out of 10000i,1000n,20000p,200000b,200000s
Output written on pbr_cheat_sheet.dvi (1 page, 2856 bytes).
 of 8000000 for 9000
 1141 hyphenation exceptions out of 8191
 35i,6n,50p,174b,197s stack positions out of 10000i,1000n,20000p,200000b,200000s
No pages of output.
00000b,200000s
Output written on pbr_cheat_sheet.dvi (1 page, 2856 bytes).
